[0420/144133.310:ERROR:process_memory_win.cc(73)] ReadMemory at 0x2cb50e00000 of 64 bytes failed: Запрос ReadProcessMemory или WriteProcessMemory был выполнен только частично. (0x12B)
[0420/144133.312:WARNING:pe_image_reader.cc(340)] could not read dos header from C:\WINDOWS\System32\shcore.dll
[0420/144133.312:ERROR:process_memory_win.cc(73)] ReadMemory at 0x2cb50e00000 of 64 bytes failed: Запрос ReadProcessMemory или WriteProcessMemory был выполнен только частично. (0x12B)
[0420/144133.312:WARNING:pe_image_reader.cc(340)] could not read dos header from C:\WINDOWS\System32\shcore.dll
[0420/144133.312:ERROR:process_memory_win.cc(73)] ReadMemory at 0x2cb50c02940 of 6656 bytes failed: Запрос ReadProcessMemory или WriteProcessMemory был выполнен только частично. (0x12B)
[0420/144133.312:ERROR:process_snapshot_win.cc(322)] failed to read unloaded module data
[0420/144133.341:ERROR:process_memory_win.cc(73)] ReadMemory at 0x2cb50e00000 of 64 bytes failed: Запрос ReadProcessMemory или WriteProcessMemory был выполнен только частично. (0x12B)
[0420/144133.341:WARNING:pe_image_reader.cc(340)] could not read dos header from C:\WINDOWS\System32\shcore.dll
[0420/144133.342:ERROR:process_memory_win.cc(73)] ReadMemory at 0x2cb510e3530 of 72 bytes failed: Запрос ReadProcessMemory или WriteProcessMemory был выполнен только частично. (0x12B)
[0420/144133.342:WARNING:pe_image_annotations_reader.cc(134)] could not read annotations list object in C:\Program Files (x86)\Google\Chrome\Application\80.0.3987.163\chrome_elf.dll
[0420/144133.342:ERROR:process_memory_win.cc(73)] ReadMemory at 0x2cb510f4c10 of 72 bytes failed: Запрос ReadProcessMemory или WriteProcessMemory был выполнен только частично. (0x12B)
[0420/144133.342:WARNING:pe_image_annotations_reader.cc(134)] could not read annotations list object in C:\Program Files (x86)\Google\Chrome\Application\80.0.3987.163\chrome.dll
[0420/144133.343:ERROR:process_memory_win.cc(73)] ReadMemory at 0x2cb50e00000 of 64 bytes failed: Запрос ReadProcessMemory или WriteProcessMemory был выполнен только частично. (0x12B)
[0420/144133.343:WARNING:pe_image_reader.cc(340)] could not read dos header from C:\WINDOWS\System32\shcore.dll
[0420/144133.344:ERROR:process_memory_win.cc(73)] ReadMemory at 0x2cb50e00000 of 64 bytes failed: Запрос ReadProcessMemory или WriteProcessMemory был выполнен только частично. (0x12B)
[0420/144133.344:WARNING:pe_image_reader.cc(340)] could not read dos header from C:\WINDOWS\System32\shcore.dll
[0420/144133.377:ERROR:process_memory_win.cc(73)] ReadMemory at 0x2cb510e3530 of 72 bytes failed: Запрос ReadProcessMemory или WriteProcessMemory был выполнен только частично. (0x12B)
[0420/144133.377:WARNING:pe_image_annotations_reader.cc(134)] could not read annotations list object in C:\Program Files (x86)\Google\Chrome\Application\80.0.3987.163\chrome_elf.dll
[0420/144133.377:ERROR:process_memory_win.cc(73)] ReadMemory at 0x2cb510f4c10 of 72 bytes failed: Запрос ReadProcessMemory или WriteProcessMemory был выполнен только частично. (0x12B)
[0420/144133.377:WARNING:pe_image_annotations_reader.cc(134)] could not read annotations list object in C:\Program Files (x86)\Google\Chrome\Application\80.0.3987.163\chrome.dll
[0420/144133.378:ERROR:process_memory_win.cc(73)] ReadMemory at 0x2cb50e00000 of 64 bytes failed: Запрос ReadProcessMemory или WriteProcessMemory был выполнен только частично. (0x12B)
[0420/144133.378:WARNING:pe_image_reader.cc(340)] could not read dos header from C:\WINDOWS\System32\shcore.dll
[0420/144133.378:ERROR:process_memory_win.cc(73)] ReadMemory at 0x2cb510e3530 of 72 bytes failed: Запрос ReadProcessMemory или WriteProcessMemory был выполнен только частично. (0x12B)
[0420/144133.378:WARNING:pe_image_annotations_reader.cc(134)] could not read annotations list object in C:\Program Files (x86)\Google\Chrome\Application\80.0.3987.163\chrome_elf.dll
[0420/144133.379:ERROR:process_memory_win.cc(73)] ReadMemory at 0x2cb510f4c10 of 72 bytes failed: Запрос ReadProcessMemory или WriteProcessMemory был выполнен только частично. (0x12B)
[0420/144133.379:WARNING:pe_image_annotations_reader.cc(134)] could not read annotations list object in C:\Program Files (x86)\Google\Chrome\Application\80.0.3987.163\chrome.dll
[0420/144133.379:ERROR:process_memory_win.cc(73)] ReadMemory at 0x2cb50e00000 of 64 bytes failed: Запрос ReadProcessMemory или WriteProcessMemory был выполнен только частично. (0x12B)
[0420/144133.379:WARNING:pe_image_reader.cc(340)] could not read dos header from C:\WINDOWS\System32\shcore.dll
[0420/144133.396:ERROR:process_memory_win.cc(73)] ReadMemory at 0xccf91ec000 of 81920 bytes failed: Запрос ReadProcessMemory или WriteProcessMemory был выполнен только частично. (0x12B)
[0420/144133.396:ERROR:process_memory_win.cc(73)] ReadMemory at 0xccf99fd000 of 12288 bytes failed: Запрос ReadProcessMemory или WriteProcessMemory был выполнен только частично. (0x12B)
[0420/144133.397:ERROR:process_memory_win.cc(73)] ReadMemory at 0xccfa9fd000 of 12288 bytes failed: Запрос ReadProcessMemory или WriteProcessMemory был выполнен только частично. (0x12B)
[0420/144133.397:ERROR:process_memory_win.cc(73)] ReadMemory at 0xccfb1fb000 of 20480 bytes failed: Запрос ReadProcessMemory или WriteProcessMemory был выполнен только частично. (0x12B)
[0420/144133.397:ERROR:process_memory_win.cc(73)] ReadMemory at 0xccfb9ff000 of 4096 bytes failed: Запрос ReadProcessMemory или WriteProcessMemory был выполнен только частично. (0x12B)
[0420/144133.397:ERROR:process_memory_win.cc(73)] ReadMemory at 0xccfc1fd000 of 12288 bytes failed: Запрос ReadProcessMemory или WriteProcessMemory был выполнен только частично. (0x12B)
[0420/144133.397:ERROR:process_memory_win.cc(73)] ReadMemory at 0xccfc9fb000 of 20480 bytes failed: Запрос ReadProcessMemory или WriteProcessMemory был выполнен только частично. (0x12B)
[0420/144133.397:ERROR:process_memory_win.cc(73)] ReadMemory at 0xccfd9fd000 of 12288 bytes failed: Запрос ReadProcessMemory или WriteProcessMemory был выполнен только частично. (0x12B)
[0420/144133.397:ERROR:process_memory_win.cc(73)] ReadMemory at 0xccfe1f7000 of 36864 bytes failed: Запрос ReadProcessMemory или WriteProcessMemory был выполнен только частично. (0x12B)
[0420/144133.398:ERROR:process_memory_win.cc(73)] ReadMemory at 0xccfe9f4000 of 49152 bytes failed: Запрос ReadProcessMemory или WriteProcessMemory был выполнен только частично. (0x12B)
[0420/144133.398:ERROR:process_memory_win.cc(73)] ReadMemory at 0xccff1fd000 of 12288 bytes failed: Запрос ReadProcessMemory или WriteProcessMemory был выполнен только частично. (0x12B)
[0420/144133.398:ERROR:process_memory_win.cc(73)] ReadMemory at 0xcc80ff7000 of 36864 bytes failed: Запрос ReadProcessMemory или WriteProcessMemory был выполнен только частично. (0x12B)
[0420/144133.398:ERROR:process_memory_win.cc(73)] ReadMemory at 0xcc817f8000 of 32768 bytes failed: Запрос ReadProcessMemory или WriteProcessMemory был выполнен только частично. (0x12B)
[0420/144133.398:ERROR:process_memory_win.cc(73)] ReadMemory at 0xcc827fd000 of 12288 bytes failed: Запрос ReadProcessMemory или WriteProcessMemory был выполнен только частично. (0x12B)
[0420/144133.398:ERROR:process_memory_win.cc(73)] ReadMemory at 0xcc81ffd000 of 12288 bytes failed: Запрос ReadProcessMemory или WriteProcessMemory был выполнен только частично. (0x12B)
[0420/144133.398:ERROR:process_memory_win.cc(73)] ReadMemory at 0xcc82ffe000 of 8192 bytes failed: Запрос ReadProcessMemory или WriteProcessMemory был выполнен только частично. (0x12B)
[0420/144133.398:ERROR:process_memory_win.cc(73)] ReadMemory at 0xcc807fd000 of 12288 bytes failed: Запрос ReadProcessMemory или WriteProcessMemory был выполнен только частично. (0x12B)
[0420/144133.399:ERROR:process_memory_win.cc(73)] ReadMemory at 0xcc837fd000 of 12288 bytes failed: Запрос ReadProcessMemory или WriteProcessMemory был выполнен только частично. (0x12B)
[0420/144133.399:ERROR:process_memory_win.cc(73)] ReadMemory at 0xccf8818000 of 6024 bytes failed: Запрос ReadProcessMemory или WriteProcessMemory был выполнен только частично. (0x12B)
[0420/144133.399:ERROR:process_memory_win.cc(73)] ReadMemory at 0xccf8878000 of 6024 bytes failed: Запрос ReadProcessMemory или WriteProcessMemory был выполнен только частично. (0x12B)
[0420/144133.399:ERROR:process_memory_win.cc(73)] ReadMemory at 0xccf887c000 of 6024 bytes failed: Запрос ReadProcessMemory или WriteProcessMemory был выполнен только частично. (0x12B)
[0420/144133.399:ERROR:process_memory_win.cc(73)] ReadMemory at 0xccf888c000 of 6024 bytes failed: Запрос ReadProcessMemory или WriteProcessMemory был выполнен только частично. (0x12B)
[0420/144133.399:ERROR:process_memory_win.cc(73)] ReadMemory at 0xccf888e000 of 6024 bytes failed: Запрос ReadProcessMemory или WriteProcessMemory был выполнен только частично. (0x12B)
[0420/144133.399:ERROR:process_memory_win.cc(73)] ReadMemory at 0xccf89bc000 of 852 bytes failed: Запрос ReadProcessMemory или WriteProcessMemory был выполнен только частично. (0x12B)
[0420/144133.399:ERROR:process_memory_win.cc(73)] ReadMemory at 0xccf89bd000 of 6024 bytes failed: Запрос ReadProcessMemory или WriteProcessMemory был выполнен только частично. (0x12B)
[0420/144133.399:ERROR:process_memory_win.cc(73)] ReadMemory at 0xccf89bf000 of 6024 bytes failed: Запрос ReadProcessMemory или WriteProcessMemory был выполнен только частично. (0x12B)
[0420/144133.400:ERROR:process_memory_win.cc(73)] ReadMemory at 0xccf89c3000 of 6024 bytes failed: Запрос ReadProcessMemory или WriteProcessMemory был выполнен только частично. (0x12B)
[0420/144133.400:ERROR:process_memory_win.cc(73)] ReadMemory at 0xccf89c5000 of 6024 bytes failed: Запрос ReadProcessMemory или WriteProcessMemory был выполнен только частично. (0x12B)
[0420/144133.400:ERROR:process_memory_win.cc(73)] ReadMemory at 0xccf89c7000 of 6024 bytes failed: Запрос ReadProcessMemory или WriteProcessMemory был выполнен только частично. (0x12B)
[0420/144133.400:ERROR:process_memory_win.cc(73)] ReadMemory at 0xccf89c9000 of 6024 bytes failed: Запрос ReadProcessMemory или WriteProcessMemory был выполнен только частично. (0x12B)
[0420/144133.400:ERROR:process_memory_win.cc(73)] ReadMemory at 0xccf89cb000 of 6024 bytes failed: Запрос ReadProcessMemory или WriteProcessMemory был выполнен только частично. (0x12B)
[0420/144133.400:ERROR:process_memory_win.cc(73)] ReadMemory at 0xccf89cf000 of 6024 bytes failed: Запрос ReadProcessMemory или WriteProcessMemory был выполнен только частично. (0x12B)
[0420/144133.400:ERROR:process_memory_win.cc(73)] ReadMemory at 0xccf89d1000 of 6024 bytes failed: Запрос ReadProcessMemory или WriteProcessMemory был выполнен только частично. (0x12B)
[0420/144133.400:ERROR:process_memory_win.cc(73)] ReadMemory at 0xccf89d3000 of 6024 bytes failed: Запрос ReadProcessMemory или WriteProcessMemory был выполнен только частично. (0x12B)
[0420/144133.400:ERROR:process_memory_win.cc(73)] ReadMemory at 0xccf89d5000 of 6024 bytes failed: Запрос ReadProcessMemory или WriteProcessMemory был выполнен только частично. (0x12B)
[0420/144133.400:ERROR:process_memory_win.cc(73)] ReadMemory at 0xccf89db000 of 6024 bytes failed: Запрос ReadProcessMemory или WriteProcessMemory был выполнен только частично. (0x12B)
[0420/144133.401:ERROR:process_memory_win.cc(73)] ReadMemory at 0xccf89dd000 of 6024 bytes failed: Запрос ReadProcessMemory или WriteProcessMemory был выполнен только частично. (0x12B)
[0420/144133.401:ERROR:process_memory_win.cc(73)] ReadMemory at 0x2cb50bf0ad0 of 512 bytes failed: Запрос ReadProcessMemory или WriteProcessMemory был выполнен только частично. (0x12B)
[0420/144133.401:ERROR:process_memory_win.cc(73)] ReadMemory at 0x2cb50bf0fe0 of 6110 bytes failed: Запрос ReadProcessMemory или WriteProcessMemory был выполнен только частично. (0x12B)
[0420/144133.401:ERROR:process_memory_win.cc(73)] ReadMemory at 0x2cb50bf27d0 of 1012 bytes failed: Запрос ReadProcessMemory или WriteProcessMemory был выполнен только частично. (0x12B)
[0420/144133.401:ERROR:process_memory_win.cc(73)] ReadMemory at 0x2cb50bf2e18 of 118 bytes failed: Запрос ReadProcessMemory или WriteProcessMemory был выполнен только частично. (0x12B)
[0420/144133.401:ERROR:process_memory_win.cc(73)] ReadMemory at 0x2cb50bf2e90 of 776 bytes failed: Запрос ReadProcessMemory или WriteProcessMemory был выполнен только частично. (0x12B)
[0420/144133.401:ERROR:process_memory_win.cc(73)] ReadMemory at 0x2cb50bf319a of 118 bytes failed: Запрос ReadProcessMemory или WriteProcessMemory был выполнен только частично. (0x12B)
[0420/144133.401:ERROR:process_memory_win.cc(73)] ReadMemory at 0x2cb50bf3212 of 100 bytes failed: Запрос ReadProcessMemory или WriteProcessMemory был выполнен только частично. (0x12B)
[0420/144133.401:ERROR:process_memory_win.cc(73)] ReadMemory at 0x2cb50bf3290 of 58 bytes failed: Запрос ReadProcessMemory или WriteProcessMemory был выполнен только частично. (0x12B)
[0420/144133.401:ERROR:process_memory_win.cc(73)] ReadMemory at 0x2cb50bf3390 of 132 bytes failed: Запрос ReadProcessMemory или WriteProcessMemory был выполнен только частично. (0x12B)
[0420/144133.401:ERROR:process_memory_win.cc(73)] ReadMemory at 0x2cb50bf3520 of 132 bytes failed: Запрос ReadProcessMemory или WriteProcessMemory был выполнен только частично. (0x12B)
[0420/144133.402:ERROR:process_memory_win.cc(73)] ReadMemory at 0x2cb50bf36e0 of 126 bytes failed: Запрос ReadProcessMemory или WriteProcessMemory был выполнен только частично. (0x12B)
[0420/144133.402:ERROR:process_memory_win.cc(73)] ReadMemory at 0x2cb50bf3ac0 of 132 bytes failed: Запрос ReadProcessMemory или WriteProcessMemory был выполнен только частично. (0x12B)
[0420/144133.402:ERROR:process_memory_win.cc(73)] ReadMemory at 0x2cb50bf3c50 of 64 bytes failed: Запрос ReadProcessMemory или WriteProcessMemory был выполнен только частично. (0x12B)
[0420/144133.402:ERROR:process_memory_win.cc(73)] ReadMemory at 0x2cb50bf3ca0 of 132 bytes failed: Запрос ReadProcessMemory или WriteProcessMemory был выполнен только частично. (0x12B)
[0420/144133.402:ERROR:process_memory_win.cc(73)] ReadMemory at 0x2cb50bf3e10 of 132 bytes failed: Запрос ReadProcessMemory или WriteProcessMemory был выполнен только частично. (0x12B)
[0420/144133.402:ERROR:process_memory_win.cc(73)] ReadMemory at 0x2cb50bf40c0 of 132 bytes failed: Запрос ReadProcessMemory или WriteProcessMemory был выполнен только частично. (0x12B)
[0420/144133.402:ERROR:process_memory_win.cc(73)] ReadMemory at 0x2cb50bf4250 of 68 bytes failed: Запрос ReadProcessMemory или WriteProcessMemory был выполнен только частично. (0x12B)
[0420/144133.402:ERROR:process_memory_win.cc(73)] ReadMemory at 0x2cb50bf5320 of 132 bytes failed: Запрос ReadProcessMemory или WriteProcessMemory был выполнен только частично. (0x12B)
[0420/144133.402:ERROR:process_memory_win.cc(73)] ReadMemory at 0x2cb50bf54b0 of 154 bytes failed: Запрос ReadProcessMemory или WriteProcessMemory был выполнен только частично. (0x12B)
[0420/144133.402:ERROR:process_memory_win.cc(73)] ReadMemory at 0x2cb50bf7760 of 62 bytes failed: Запрос ReadProcessMemory или WriteProcessMemory был выполнен только частично. (0x12B)
[0420/144133.402:ERROR:process_memory_win.cc(73)] ReadMemory at 0x2cb50bf77b0 of 132 bytes failed: Запрос ReadProcessMemory или WriteProcessMemory был выполнен только частично. (0x12B)
[0420/144133.402:ERROR:process_memory_win.cc(73)] ReadMemory at 0x2cb50bf7950 of 132 bytes failed: Запрос ReadProcessMemory или WriteProcessMemory был выполнен только частично. (0x12B)
[0420/144133.402:ERROR:process_memory_win.cc(73)] ReadMemory at 0x2cb50bf7a80 of 60 bytes failed: Запрос ReadProcessMemory или WriteProcessMemory был выполнен только частично. (0x12B)
[0420/144133.402:ERROR:process_memory_win.cc(73)] ReadMemory at 0x2cb50bfa2f0 of 132 bytes failed: Запрос ReadProcessMemory или WriteProcessMemory был выполнен только частично. (0x12B)
[0420/144133.403:ERROR:process_memory_win.cc(73)] ReadMemory at 0x2cb50bfa420 of 132 bytes failed: Запрос ReadProcessMemory или WriteProcessMemory был выполнен только частично. (0x12B)
[0420/144133.403:ERROR:process_memory_win.cc(73)] ReadMemory at 0x2cb50bfa760 of 64 bytes failed: Запрос ReadProcessMemory или WriteProcessMemory был выполнен только частично. (0x12B)
[0420/144133.403:ERROR:process_memory_win.cc(73)] ReadMemory at 0x2cb50bfa800 of 60 bytes failed: Запрос ReadProcessMemory или WriteProcessMemory был выполнен только частично. (0x12B)
[0420/144133.403:ERROR:process_memory_win.cc(73)] ReadMemory at 0x2cb50bfa850 of 64 bytes failed: Запрос ReadProcessMemory или WriteProcessMemory был выполнен только частично. (0x12B)
[0420/144133.403:ERROR:process_memory_win.cc(73)] ReadMemory at 0x2cb50bfa8a0 of 66 bytes failed: Запрос ReadProcessMemory или WriteProcessMemory был выполнен только частично. (0x12B)
[0420/144133.403:ERROR:process_memory_win.cc(73)] ReadMemory at 0x2cb50bfa990 of 64 bytes failed: Запрос ReadProcessMemory или WriteProcessMemory был выполнен только частично. (0x12B)
[0420/144133.403:ERROR:process_memory_win.cc(73)] ReadMemory at 0x2cb50bfaa30 of 64 bytes failed: Запрос ReadProcessMemory или WriteProcessMemory был выполнен только частично. (0x12B)
[0420/144133.403:ERROR:process_memory_win.cc(73)] ReadMemory at 0x2cb50bfab20 of 60 bytes failed: Запрос ReadProcessMemory или WriteProcessMemory был выполнен только частично. (0x12B)
[0420/144133.403:ERROR:process_memory_win.cc(73)] ReadMemory at 0x2cb50bfabc0 of 62 bytes failed: Запрос ReadProcessMemory или WriteProcessMemory был выполнен только частично. (0x12B)
[0420/144133.403:ERROR:process_memory_win.cc(73)] ReadMemory at 0x2cb50bfac60 of 62 bytes failed: Запрос ReadProcessMemory или WriteProcessMemory был выполнен только частично. (0x12B)
[0420/144133.403:ERROR:process_memory_win.cc(73)] ReadMemory at 0x2cb50bfb390 of 146 bytes failed: Запрос ReadProcessMemory или WriteProcessMemory был выполнен только частично. (0x12B)
[0420/144133.403:ERROR:process_memory_win.cc(73)] ReadMemory at 0x2cb50bfb430 of 132 bytes failed: Запрос ReadProcessMemory или WriteProcessMemory был выполнен только частично. (0x12B)
[0420/144133.404:ERROR:process_memory_win.cc(73)] ReadMemory at 0x2cb50bfb5c0 of 80 bytes failed: Запрос ReadProcessMemory или WriteProcessMemory был выполнен только частично. (0x12B)
[0420/144133.404:ERROR:process_memory_win.cc(73)] ReadMemory at 0x2cb50bfb710 of 132 bytes failed: Запрос ReadProcessMemory или WriteProcessMemory был выполнен только частично. (0x12B)
[0420/144133.404:ERROR:process_memory_win.cc(73)] ReadMemory at 0x2cb50bfb840 of 132 bytes failed: Запрос ReadProcessMemory или WriteProcessMemory был выполнен только частично. (0x12B)
[0420/144133.404:ERROR:process_memory_win.cc(73)] ReadMemory at 0x2cb50bfb970 of 132 bytes failed: Запрос ReadProcessMemory или WriteProcessMemory был выполнен только частично. (0x12B)
[0420/144133.404:ERROR:process_memory_win.cc(73)] ReadMemory at 0x2cb50bfbaa0 of 132 bytes failed: Запрос ReadProcessMemory или WriteProcessMemory был выполнен только частично. (0x12B)
[0420/144133.404:ERROR:process_memory_win.cc(73)] ReadMemory at 0x2cb50bfbbd0 of 132 bytes failed: Запрос ReadProcessMemory или WriteProcessMemory был выполнен только частично. (0x12B)
[0420/144133.404:ERROR:process_memory_win.cc(73)] ReadMemory at 0x2cb50bfbd00 of 132 bytes failed: Запрос ReadProcessMemory или WriteProcessMemory был выполнен только частично. (0x12B)
[0420/144133.404:ERROR:process_memory_win.cc(73)] ReadMemory at 0x2cb50bfbe30 of 132 bytes failed: Запрос ReadProcessMemory или WriteProcessMemory был выполнен только частично. (0x12B)
[0420/144133.404:ERROR:process_memory_win.cc(73)] ReadMemory at 0x2cb50bfbf60 of 132 bytes failed: Запрос ReadProcessMemory или WriteProcessMemory был выполнен только частично. (0x12B)
[0420/144133.404:ERROR:process_memory_win.cc(73)] ReadMemory at 0x2cb50bfc090 of 132 bytes failed: Запрос ReadProcessMemory или WriteProcessMemory был выполнен только частично. (0x12B)
[0420/144133.404:ERROR:process_memory_win.cc(73)] ReadMemory at 0x2cb50bfc2f0 of 132 bytes failed: Запрос ReadProcessMemory или WriteProcessMemory был выполнен только частично. (0x12B)
[0420/144133.404:ERROR:process_memory_win.cc(73)] ReadMemory at 0x2cb50bfc420 of 132 bytes failed: Запрос ReadProcessMemory или WriteProcessMemory был выполнен только частично. (0x12B)
[0420/144133.404:ERROR:process_memory_win.cc(73)] ReadMemory at 0x2cb50bfc550 of 132 bytes failed: Запрос ReadProcessMemory или WriteProcessMemory был выполнен только частично. (0x12B)
[0420/144133.405:ERROR:process_memory_win.cc(73)] ReadMemory at 0x2cb50bff8c0 of 132 bytes failed: Запрос ReadProcessMemory или WriteProcessMemory был выполнен только частично. (0x12B)
[0420/144133.405:ERROR:process_memory_win.cc(73)] ReadMemory at 0x2cb50bffae0 of 132 bytes failed: Запрос ReadProcessMemory или WriteProcessMemory был выполнен только частично. (0x12B)
[0420/144133.405:ERROR:process_memory_win.cc(73)] ReadMemory at 0x2cb50bffe40 of 132 bytes failed: Запрос ReadProcessMemory или WriteProcessMemory был выполнен только частично. (0x12B)
[0420/144133.405:ERROR:process_memory_win.cc(73)] ReadMemory at 0x2cb50c00150 of 132 bytes failed: Запрос ReadProcessMemory или WriteProcessMemory был выполнен только частично. (0x12B)
[0420/144133.405:ERROR:process_memory_win.cc(73)] ReadMemory at 0x2cb50c02340 of 132 bytes failed: Запрос ReadProcessMemory или WriteProcessMemory был выполнен только частично. (0x12B)
[0420/144133.405:ERROR:process_memory_win.cc(73)] ReadMemory at 0x2cb50c043a0 of 54 bytes failed: Запрос ReadProcessMemory или WriteProcessMemory был выполнен только частично. (0x12B)
[0420/144133.405:ERROR:process_memory_win.cc(73)] ReadMemory at 0x2cb50c06a80 of 76 bytes failed: Запрос ReadProcessMemory или WriteProcessMemory был выполнен только частично. (0x12B)
[0420/144133.406:ERROR:process_memory_win.cc(73)] ReadMemory at 0x2cb50c06ae0 of 80 bytes failed: Запрос ReadProcessMemory или WriteProcessMemory был выполнен только частично. (0x12B)
[0420/144133.406:ERROR:process_memory_win.cc(73)] ReadMemory at 0x2cb50c07150 of 64 bytes failed: Запрос ReadProcessMemory или WriteProcessMemory был выполнен только частично. (0x12B)
[0420/144133.406:ERROR:process_memory_win.cc(73)] ReadMemory at 0x2cb50c071a0 of 62 bytes failed: Запрос ReadProcessMemory или WriteProcessMemory был выполнен только частично. (0x12B)
[0420/144133.406:ERROR:process_memory_win.cc(73)] ReadMemory at 0x2cb50c07290 of 60 bytes failed: Запрос ReadProcessMemory или WriteProcessMemory был выполнен только частично. (0x12B)
[0420/144133.406:ERROR:process_memory_win.cc(73)] ReadMemory at 0x2cb50c07420 of 62 bytes failed: Запрос ReadProcessMemory или WriteProcessMemory был выполнен только частично. (0x12B)
[0420/144133.406:ERROR:process_memory_win.cc(73)] ReadMemory at 0x2cb50c07510 of 62 bytes failed: Запрос ReadProcessMemory или WriteProcessMemory был выполнен только частично. (0x12B)
[0420/144133.406:ERROR:process_memory_win.cc(73)] ReadMemory at 0x2cb50c07790 of 64 bytes failed: Запрос ReadProcessMemory или WriteProcessMemory был выполнен только частично. (0x12B)
[0420/144133.406:ERROR:process_memory_win.cc(73)] ReadMemory at 0x2cb50c07830 of 64 bytes failed: Запрос ReadProcessMemory или WriteProcessMemory был выполнен только частично. (0x12B)
[0420/144133.407:ERROR:process_memory_win.cc(73)] ReadMemory at 0x2cb50c07880 of 58 bytes failed: Запрос ReadProcessMemory или WriteProcessMemory был выполнен только частично. (0x12B)
[0420/144133.407:ERROR:process_memory_win.cc(73)] ReadMemory at 0x2cb50c078d0 of 62 bytes failed: Запрос ReadProcessMemory или WriteProcessMemory был выполнен только частично. (0x12B)
[0420/144133.407:ERROR:process_memory_win.cc(73)] ReadMemory at 0x2cb50c07920 of 60 bytes failed: Запрос ReadProcessMemory или WriteProcessMemory был выполнен только частично. (0x12B)
[0420/144133.407:ERROR:process_memory_win.cc(73)] ReadMemory at 0x2cb50c07a10 of 62 bytes failed: Запрос ReadProcessMemory или WriteProcessMemory был выполнен только частично. (0x12B)
[0420/144133.407:ERROR:process_memory_win.cc(73)] ReadMemory at 0x2cb50c07a60 of 66 bytes failed: Запрос ReadProcessMemory или WriteProcessMemory был выполнен только частично. (0x12B)
[0420/144133.407:ERROR:process_memory_win.cc(73)] ReadMemory at 0x2cb50c07b00 of 62 bytes failed: Запрос ReadProcessMemory или WriteProcessMemory был выполнен только частично. (0x12B)
[0420/144133.407:ERROR:process_memory_win.cc(73)] ReadMemory at 0x2cb50c07b50 of 62 bytes failed: Запрос ReadProcessMemory или WriteProcessMemory был выполнен только частично. (0x12B)
[0420/144133.407:ERROR:process_memory_win.cc(73)] ReadMemory at 0x2cb50c07c40 of 60 bytes failed: Запрос ReadProcessMemory или WriteProcessMemory был выполнен только частично. (0x12B)
[0420/144133.407:ERROR:process_memory_win.cc(73)] ReadMemory at 0x2cb50c07c90 of 62 bytes failed: Запрос ReadProcessMemory или WriteProcessMemory был выполнен только частично. (0x12B)
[0420/144133.408:ERROR:process_memory_win.cc(73)] ReadMemory at 0x2cb50c07d30 of 64 bytes failed: Запрос ReadProcessMemory или WriteProcessMemory был выполнен только частично. (0x12B)
[0420/144133.408:ERROR:process_memory_win.cc(73)] ReadMemory at 0x2cb50c07d80 of 60 bytes failed: Запрос ReadProcessMemory или WriteProcessMemory был выполнен только частично. (0x12B)
[0420/144133.408:ERROR:process_memory_win.cc(73)] ReadMemory at 0x2cb50c083b0 of 132 bytes failed: Запрос ReadProcessMemory или WriteProcessMemory был выполнен только частично. (0x12B)
[0420/144133.408:ERROR:process_memory_win.cc(73)] ReadMemory at 0x2cb50c084e0 of 132 bytes failed: Запрос ReadProcessMemory или WriteProcessMemory был выполнен только частично. (0x12B)
[0420/144133.408:ERROR:process_memory_win.cc(73)] ReadMemory at 0x2cb50c08740 of 132 bytes failed: Запрос ReadProcessMemory или WriteProcessMemory был выполнен только частично. (0x12B)
[0420/144133.408:ERROR:process_memory_win.cc(73)] ReadMemory at 0x2cb50c08d30 of 132 bytes failed: Запрос ReadProcessMemory или WriteProcessMemory был выполнен только частично. (0x12B)
[0420/144133.408:ERROR:process_memory_win.cc(73)] ReadMemory at 0x2cb50c08f90 of 132 bytes failed: Запрос ReadProcessMemory или WriteProcessMemory был выполнен только частично. (0x12B)
[0420/144133.408:ERROR:process_memory_win.cc(73)] ReadMemory at 0x2cb50c091f0 of 132 bytes failed: Запрос ReadProcessMemory или WriteProcessMemory был выполнен только частично. (0x12B)
[0420/144133.408:ERROR:process_memory_win.cc(73)] ReadMemory at 0x2cb50c09580 of 132 bytes failed: Запрос ReadProcessMemory или WriteProcessMemory был выполнен только частично. (0x12B)
[0420/144133.408:ERROR:process_memory_win.cc(73)] ReadMemory at 0x2cb50c096b0 of 132 bytes failed: Запрос ReadProcessMemory или WriteProcessMemory был выполнен только частично. (0x12B)
[0420/144133.408:ERROR:process_memory_win.cc(73)] ReadMemory at 0x2cb50c097e0 of 132 bytes failed: Запрос ReadProcessMemory или WriteProcessMemory был выполнен только частично. (0x12B)
[0420/144133.408:ERROR:process_memory_win.cc(73)] ReadMemory at 0x2cb50c09dd0 of 132 bytes failed: Запрос ReadProcessMemory или WriteProcessMemory был выполнен только частично. (0x12B)
[0420/144133.408:ERROR:process_memory_win.cc(73)] ReadMemory at 0x2cb50c1ed90 of 512 bytes failed: Запрос ReadProcessMemory или WriteProcessMemory был выполнен только частично. (0x12B)
[0420/144133.409:ERROR:process_memory_win.cc(73)] ReadMemory at 0x2cb50c203d0 of 512 bytes failed: Запрос ReadProcessMemory или WriteProcessMemory был выполнен только частично. (0x12B)
[0420/144133.409:ERROR:process_memory_win.cc(73)] ReadMemory at 0x2cb50c26a50 of 512 bytes failed: Запрос ReadProcessMemory или WriteProcessMemory был выполнен только частично. (0x12B)
[0420/144133.409:ERROR:process_memory_win.cc(73)] ReadMemory at 0x2cb50c3a390 of 512 bytes failed: Запрос ReadProcessMemory или WriteProcessMemory был выполнен только частично. (0x12B)
[0420/144133.409:ERROR:process_memory_win.cc(73)] ReadMemory at 0x2cb50c3a710 of 512 bytes failed: Запрос ReadProcessMemory или WriteProcessMemory был выполнен только частично. (0x12B)
[0420/144133.409:ERROR:process_memory_win.cc(73)] ReadMemory at 0x2cb50ec0c40 of 704 bytes failed: Запрос ReadProcessMemory или WriteProcessMemory был выполнен только частично. (0x12B)
[0420/144133.409:ERROR:process_memory_win.cc(73)] ReadMemory at 0x2cb50ec10c0 of 512 bytes failed: Запрос ReadProcessMemory или WriteProcessMemory был выполнен только частично. (0x12B)
[0420/144133.409:ERROR:process_memory_win.cc(73)] ReadMemory at 0x2cb50ec1b40 of 512 bytes failed: Запрос ReadProcessMemory или WriteProcessMemory был выполнен только частично. (0x12B)
[0420/144133.409:ERROR:process_memory_win.cc(73)] ReadMemory at 0x2cb50ec2c80 of 512 bytes failed: Запрос ReadProcessMemory или WriteProcessMemory был выполнен только частично. (0x12B)
[0420/144133.409:ERROR:process_memory_win.cc(73)] ReadMemory at 0x2cb5112cdc0 of 512 bytes failed: Запрос ReadProcessMemory или WriteProcessMemory был выполнен только частично. (0x12B)
[0420/144133.409:ERROR:process_memory_win.cc(73)] ReadMemory at 0x2cb511335a0 of 512 bytes failed: Запрос ReadProcessMemory или WriteProcessMemory был выполнен только частично. (0x12B)
[0420/144133.409:ERROR:process_memory_win.cc(73)] ReadMemory at 0x2cb51137460 of 512 bytes failed: Запрос ReadProcessMemory или WriteProcessMemory был выполнен только частично. (0x12B)
[0420/144133.409:ERROR:process_memory_win.cc(73)] ReadMemory at 0x2cb511394b8 of 512 bytes failed: Запрос ReadProcessMemory или WriteProcessMemory был выполнен только частично. (0x12B)
[0420/144133.410:ERROR:process_memory_win.cc(73)] ReadMemory at 0x2cb51139818 of 512 bytes failed: Запрос ReadProcessMemory или WriteProcessMemory был выполнен только частично. (0x12B)
[0420/144133.410:ERROR:process_memory_win.cc(73)] ReadMemory at 0x2cb5113a118 of 512 bytes failed: Запрос ReadProcessMemory или WriteProcessMemory был выполнен только частично. (0x12B)
[0420/144133.410:ERROR:process_memory_win.cc(73)] ReadMemory at 0x2cb5115fbc0 of 712 bytes failed: Запрос ReadProcessMemory или WriteProcessMemory был выполнен только частично. (0x12B)
[0420/144133.410:ERROR:process_memory_win.cc(73)] ReadMemory at 0x2cb52fe4088 of 512 bytes failed: Запрос ReadProcessMemory или WriteProcessMemory был выполнен только частично. (0x12B)
[0420/144133.410:ERROR:process_memory_win.cc(73)] ReadMemory at 0x2cb5303acc0 of 512 bytes failed: Запрос ReadProcessMemory или WriteProcessMemory был выполнен только частично. (0x12B)
[0420/144133.410:ERROR:process_memory_win.cc(73)] ReadMemory at 0x2cb5391e870 of 512 bytes failed: Запрос ReadProcessMemory или WriteProcessMemory был выполнен только частично. (0x12B)
[0420/144133.410:ERROR:process_memory_win.cc(73)] ReadMemory at 0x2cb539ae360 of 512 bytes failed: Запрос ReadProcessMemory или WriteProcessMemory был выполнен только частично. (0x12B)
[0420/144133.410:ERROR:process_memory_win.cc(73)] ReadMemory at 0x2cb539ae660 of 512 bytes failed: Запрос ReadProcessMemory или WriteProcessMemory был выполнен только частично. (0x12B)
[0420/144133.410:ERROR:process_memory_win.cc(73)] ReadMemory at 0x4a3208241791 of 512 bytes failed: Запрос ReadProcessMemory или WriteProcessMemory был выполнен только частично. (0x12B)
[0420/144133.414:ERROR:scoped_process_suspend.cc(40)] NtResumeProcess: Попытка доступа к процессу, выполняющему процедуру завершения. (0xc000010a)
